{
  "stats": {
    "suites": 1,
    "tests": 1,
    "passes": 1,
    "pending": 0,
    "failures": 0,
    "testsRegistered": 1,
    "passPercent": 100,
    "pendingPercent": 0,
    "other": 0,
    "hasOther": false,
    "skipped": 0,
    "hasSkipped": false,
    "start": "2025-03-28T22:18:16.681Z",
    "end": "2025-03-28T22:19:30.728Z",
    "duration": 74047
  },
  "results": [
    {
      "uuid": "81affb56-0709-4b0c-86c6-9b3b4c18e325",
      "title": "",
      "fullFile": "cypress\\e2e\\Administrador\\Obtener_Permisos.cy.js",
      "file": "cypress\\e2e\\Administrador\\Obtener_Permisos.cy.js",
      "beforeHooks": [],
      "afterHooks": [],
      "tests": [],
      "suites": [
        {
          "uuid": "1eacae17-d0f0-486a-a88b-310c2f1d2491",
          "title": "Portal administración",
          "fullFile": "",
          "file": "",
          "beforeHooks": [],
          "afterHooks": [],
          "tests": [
            {
              "title": "Permisos Portal Admin UVM",
              "fullTitle": "Portal administración Permisos Portal Admin UVM",
              "timedOut": null,
              "duration": 73560,
              "state": "passed",
              "speed": "slow",
              "pass": true,
              "fail": false,
              "pending": false,
              "context": null,
              "code": "master.permisosAdmin(2000);",
              "err": {},
              "uuid": "6de1c5da-3e6f-41f5-810c-156f6f47ef2a",
              "parentUUID": "1eacae17-d0f0-486a-a88b-310c2f1d2491",
              "isHook": false,
              "skipped": false
            }
          ],
          "suites": [],
          "passes": [
            "6de1c5da-3e6f-41f5-810c-156f6f47ef2a"
          ],
          "failures": [],
          "pending": [],
          "skipped": [],
          "duration": 73560,
          "root": false,
          "rootEmpty": false,
          "_timeout": 2000
        }
      ],
      "passes": [],
      "failures": [],
      "pending": [],
      "skipped": [],
      "duration": 0,
      "root": true,
      "rootEmpty": true,
      "_timeout": 2000
    }
  ],
  "meta": {
    "mocha": {
      "version": "7.0.1"
    },
    "mochawesome": {
      "options": {
        "quiet": false,
        "reportFilename": "mochawesome",
        "saveHtml": true,
        "saveJson": true,
        "consoleReporter": "spec",
        "useInlineDiffs": false,
        "code": true
      },
      "version": "7.1.3"
    },
    "marge": {
      "options": {
        "reportDir": "cypress/reports",
        "overwrite": false,
        "html": true,
        "json": true
      },
      "version": "6.2.0"
    }
  }
}